Arguments: 
  /usr/local/bin/node /usr/local/Cellar/yarn/1.15.2/libexec/bin/yarn.js install

PATH: 
  /Library/Frameworks/Python.framework/Versions/3.6/bin:/usr/local/bin:/usr/bin:/bin:/usr/sbin:/sbin:/Library/Frameworks/Python.framework/Versions/3.6/bin:/usr/local/mysql/bin:/usr/local/mysql/bin

Yarn version: 
  1.15.2

Node version: 
  12.0.0

Platform: 
  darwin x64

Trace: 
  Error: ENOSPC: no space left on device, mkdir '/usr/local/share/Library/Caches/Yarn/v4/npm-client-0.1.0-cd907aa5-8ada-40d5-b19a-5c420c303f23-1561078028972/node_modules/client/node_modules/hosted-git-info'

npm manifest: 
  {
    "name": "mern-auth",
    "version": "1.0.0",
    "description": "Server Side",
    "main": "server.js",
    "engines": {
      "node": "12.0.0"
    },
    "scripts": {
      "client-install": "npm install --no-optional --prefix client",
      "start": "node server.js",
      "server": "nodemon server.js",
      "client": "npm start --prefix client",
      "dev": "concurrently \"npm run server\" \"npm run client\"",
      "heroku-postbuild": "cd client && npm install --no-optional && npm run build"
      
    },
    "author": "David M. Hanlon",
    "license": "ISC",
    "dependencies": {
      "bcryptjs": "^2.4.3",
      "body-parser": "^1.19.0",
      "client": "file:client",
      "concurrently": "^4.1.0",
      "express": "^4.16.4",
     
      
      "jsonwebtoken": "^8.5.1",
      "mongoose": "^5.5.5",
      "node-pre-gyp": "0.13.0",
      "nodemailer": "^6.2.1",
      "nodemon": "^1.18.11",
      "passport": "^0.4.0",
      "passport-jwt": "^4.0.0",
      "react": "^16.8.6",
      "react-devicon": "^0.1.9",
      "react-dom": "^16.8.6",
      "react-router-dom": "^5.0.0",
     
      "react-select": "^3.0.4",
      "react-switch": "^5.0.0",
      "svg-inline-loader": "^0.8.0",
      "typescript": "^3.4.4",
      "validator": "^11.0.0"
    }
  }

yarn manifest: 
  No manifest

Lockfile: 
  No lockfile
